<?xml version="1.0" encoding="UTF-8"?>
<robot generator="Robot 6.1.1 (Python 3.13.9 on win32)" generated="20251112 10:20:35.601" rpa="false" schemaversion="4">
<suite id="s1" name="Tests" source="C:\Users\Juuso Turunen\OneDrive - Jyväskylän yliopisto\3. vuosi\TEKA3003 Ohjelmistotuotanto\ohtuvarasto-g2\osa3\login-robot\src\tests">
<suite id="s1-s1" name="Login" source="C:\Users\Juuso Turunen\OneDrive - Jyväskylän yliopisto\3. vuosi\TEKA3003 Ohjelmistotuotanto\ohtuvarasto-g2\osa3\login-robot\src\tests\login.robot">
<test id="s1-s1-t1" name="Login With Correct Credentials" line="6">
<kw name="Create User And Input Login Command" type="SETUP">
<kw name="Create User" library="AppLibrary">
<arg>kalle</arg>
<arg>kalle123</arg>
<status status="PASS" starttime="20251112 10:20:35.693" endtime="20251112 10:20:35.694"/>
</kw>
<kw name="Input Login Command" library="resource">
<kw name="Input" library="AppLibrary">
<arg>login</arg>
<status status="PASS" starttime="20251112 10:20:35.694" endtime="20251112 10:20:35.694"/>
</kw>
<status status="PASS" starttime="20251112 10:20:35.694" endtime="20251112 10:20:35.695"/>
</kw>
<status status="PASS" starttime="20251112 10:20:35.693" endtime="20251112 10:20:35.695"/>
</kw>
<kw name="Input Credentials" library="resource">
<arg>kalle</arg>
<arg>kalle123</arg>
<kw name="Input" library="AppLibrary">
<arg>${username}</arg>
<status status="PASS" starttime="20251112 10:20:35.697" endtime="20251112 10:20:35.697"/>
</kw>
<kw name="Input" library="AppLibrary">
<arg>${password}</arg>
<status status="PASS" starttime="20251112 10:20:35.698" endtime="20251112 10:20:35.698"/>
</kw>
<kw name="Run Application" library="AppLibrary">
<status status="PASS" starttime="20251112 10:20:35.698" endtime="20251112 10:20:35.698"/>
</kw>
<status status="PASS" starttime="20251112 10:20:35.696" endtime="20251112 10:20:35.698"/>
</kw>
<kw name="Output Should Contain" library="AppLibrary">
<arg>Logged in</arg>
<status status="PASS" starttime="20251112 10:20:35.699" endtime="20251112 10:20:35.699"/>
</kw>
<status status="PASS" starttime="20251112 10:20:35.692" endtime="20251112 10:20:35.700"/>
</test>
<test id="s1-s1-t2" name="Login With Incorrect Password" line="10">
<kw name="Create User And Input Login Command" type="SETUP">
<kw name="Create User" library="AppLibrary">
<arg>kalle</arg>
<arg>kalle123</arg>
<status status="PASS" starttime="20251112 10:20:35.703" endtime="20251112 10:20:35.703"/>
</kw>
<kw name="Input Login Command" library="resource">
<kw name="Input" library="AppLibrary">
<arg>login</arg>
<status status="PASS" starttime="20251112 10:20:35.704" endtime="20251112 10:20:35.704"/>
</kw>
<status status="PASS" starttime="20251112 10:20:35.703" endtime="20251112 10:20:35.704"/>
</kw>
<status status="PASS" starttime="20251112 10:20:35.702" endtime="20251112 10:20:35.704"/>
</kw>
<kw name="Input Credentials" library="resource">
<arg>eioo</arg>
<arg>kalle123</arg>
<kw name="Input" library="AppLibrary">
<arg>${username}</arg>
<status status="PASS" starttime="20251112 10:20:35.705" endtime="20251112 10:20:35.705"/>
</kw>
<kw name="Input" library="AppLibrary">
<arg>${password}</arg>
<status status="PASS" starttime="20251112 10:20:35.705" endtime="20251112 10:20:35.705"/>
</kw>
<kw name="Run Application" library="AppLibrary">
<status status="PASS" starttime="20251112 10:20:35.705" endtime="20251112 10:20:35.706"/>
</kw>
<status status="PASS" starttime="20251112 10:20:35.705" endtime="20251112 10:20:35.706"/>
</kw>
<kw name="Output Should Contain" library="AppLibrary">
<arg>Invalid username or password</arg>
<status status="PASS" starttime="20251112 10:20:35.706" endtime="20251112 10:20:35.706"/>
</kw>
<status status="PASS" starttime="20251112 10:20:35.701" endtime="20251112 10:20:35.706"/>
</test>
<test id="s1-s1-t3" name="Login With Nonexistent Username" line="14">
<kw name="Create User And Input Login Command" type="SETUP">
<kw name="Create User" library="AppLibrary">
<arg>kalle</arg>
<arg>kalle123</arg>
<status status="PASS" starttime="20251112 10:20:35.708" endtime="20251112 10:20:35.709"/>
</kw>
<kw name="Input Login Command" library="resource">
<kw name="Input" library="AppLibrary">
<arg>login</arg>
<status status="PASS" starttime="20251112 10:20:35.709" endtime="20251112 10:20:35.709"/>
</kw>
<status status="PASS" starttime="20251112 10:20:35.709" endtime="20251112 10:20:35.709"/>
</kw>
<status status="PASS" starttime="20251112 10:20:35.708" endtime="20251112 10:20:35.709"/>
</kw>
<kw name="Input Credentials" library="resource">
<arg>kalle</arg>
<arg>eioo</arg>
<kw name="Input" library="AppLibrary">
<arg>${username}</arg>
<status status="PASS" starttime="20251112 10:20:35.710" endtime="20251112 10:20:35.711"/>
</kw>
<kw name="Input" library="AppLibrary">
<arg>${password}</arg>
<status status="PASS" starttime="20251112 10:20:35.711" endtime="20251112 10:20:35.711"/>
</kw>
<kw name="Run Application" library="AppLibrary">
<status status="PASS" starttime="20251112 10:20:35.711" endtime="20251112 10:20:35.711"/>
</kw>
<status status="PASS" starttime="20251112 10:20:35.710" endtime="20251112 10:20:35.711"/>
</kw>
<kw name="Output Should Contain" library="AppLibrary">
<arg>Invalid username or password</arg>
<status status="PASS" starttime="20251112 10:20:35.712" endtime="20251112 10:20:35.712"/>
</kw>
<status status="PASS" starttime="20251112 10:20:35.707" endtime="20251112 10:20:35.712"/>
</test>
<status status="PASS" starttime="20251112 10:20:35.656" endtime="20251112 10:20:35.714"/>
</suite>
<suite id="s1-s2" name="Register" source="C:\Users\Juuso Turunen\OneDrive - Jyväskylän yliopisto\3. vuosi\TEKA3003 Ohjelmistotuotanto\ohtuvarasto-g2\osa3\login-robot\src\tests\register.robot">
<test id="s1-s2-t1" name="Register With Valid Username And Password" line="6">
<kw name="Input New Command And Create User" type="SETUP">
<kw name="Input New Command" library="resource">
<kw name="Input" library="AppLibrary">
<arg>new</arg>
<status status="PASS" starttime="20251112 10:20:35.726" endtime="20251112 10:20:35.726"/>
</kw>
<status status="PASS" starttime="20251112 10:20:35.726" endtime="20251112 10:20:35.727"/>
</kw>
<kw name="Create User" library="AppLibrary">
<arg>kalle</arg>
<arg>kalle123</arg>
<status status="PASS" starttime="20251112 10:20:35.727" endtime="20251112 10:20:35.727"/>
</kw>
<status status="PASS" starttime="20251112 10:20:35.725" endtime="20251112 10:20:35.727"/>
</kw>
<kw name="Input Credentials" library="resource">
<arg>juho</arg>
<arg>juhonen123</arg>
<kw name="Input" library="AppLibrary">
<arg>${username}</arg>
<status status="PASS" starttime="20251112 10:20:35.728" endtime="20251112 10:20:35.728"/>
</kw>
<kw name="Input" library="AppLibrary">
<arg>${password}</arg>
<status status="PASS" starttime="20251112 10:20:35.728" endtime="20251112 10:20:35.728"/>
</kw>
<kw name="Run Application" library="AppLibrary">
<status status="PASS" starttime="20251112 10:20:35.728" endtime="20251112 10:20:35.728"/>
</kw>
<status status="PASS" starttime="20251112 10:20:35.727" endtime="20251112 10:20:35.728"/>
</kw>
<kw name="Output Should Contain" library="AppLibrary">
<arg>New user registered</arg>
<status status="PASS" starttime="20251112 10:20:35.729" endtime="20251112 10:20:35.729"/>
</kw>
<status status="PASS" starttime="20251112 10:20:35.723" endtime="20251112 10:20:35.729"/>
</test>
<test id="s1-s2-t2" name="Register With Already Taken Username And Valid Password" line="10">
<kw name="Input New Command And Create User" type="SETUP">
<kw name="Input New Command" library="resource">
<kw name="Input" library="AppLibrary">
<arg>new</arg>
<status status="PASS" starttime="20251112 10:20:35.731" endtime="20251112 10:20:35.731"/>
</kw>
<status status="PASS" starttime="20251112 10:20:35.731" endtime="20251112 10:20:35.731"/>
</kw>
<kw name="Create User" library="AppLibrary">
<arg>kalle</arg>
<arg>kalle123</arg>
<status status="PASS" starttime="20251112 10:20:35.731" endtime="20251112 10:20:35.731"/>
</kw>
<status status="PASS" starttime="20251112 10:20:35.730" endtime="20251112 10:20:35.731"/>
</kw>
<kw name="Input Credentials" library="resource">
<arg>kalle</arg>
<arg>kallenen123</arg>
<kw name="Input" library="AppLibrary">
<arg>${username}</arg>
<status status="PASS" starttime="20251112 10:20:35.732" endtime="20251112 10:20:35.732"/>
</kw>
<kw name="Input" library="AppLibrary">
<arg>${password}</arg>
<status status="PASS" starttime="20251112 10:20:35.732" endtime="20251112 10:20:35.732"/>
</kw>
<kw name="Run Application" library="AppLibrary">
<status status="PASS" starttime="20251112 10:20:35.732" endtime="20251112 10:20:35.733"/>
</kw>
<status status="PASS" starttime="20251112 10:20:35.732" endtime="20251112 10:20:35.733"/>
</kw>
<kw name="Output Should Contain" library="AppLibrary">
<arg>User with username kalle already exists</arg>
<status status="PASS" starttime="20251112 10:20:35.733" endtime="20251112 10:20:35.733"/>
</kw>
<status status="PASS" starttime="20251112 10:20:35.730" endtime="20251112 10:20:35.733"/>
</test>
<test id="s1-s2-t3" name="Register With Too Short Username And Valid Password" line="14">
<kw name="Input New Command And Create User" type="SETUP">
<kw name="Input New Command" library="resource">
<kw name="Input" library="AppLibrary">
<arg>new</arg>
<status status="PASS" starttime="20251112 10:20:35.735" endtime="20251112 10:20:35.735"/>
</kw>
<status status="PASS" starttime="20251112 10:20:35.735" endtime="20251112 10:20:35.735"/>
</kw>
<kw name="Create User" library="AppLibrary">
<arg>kalle</arg>
<arg>kalle123</arg>
<status status="PASS" starttime="20251112 10:20:35.735" endtime="20251112 10:20:35.735"/>
</kw>
<status status="PASS" starttime="20251112 10:20:35.734" endtime="20251112 10:20:35.735"/>
</kw>
<kw name="Input Credentials" library="resource">
<arg>ja</arg>
<arg>janipetteri8</arg>
<kw name="Input" library="AppLibrary">
<arg>${username}</arg>
<status status="PASS" starttime="20251112 10:20:35.736" endtime="20251112 10:20:35.736"/>
</kw>
<kw name="Input" library="AppLibrary">
<arg>${password}</arg>
<status status="PASS" starttime="20251112 10:20:35.736" endtime="20251112 10:20:35.736"/>
</kw>
<kw name="Run Application" library="AppLibrary">
<status status="PASS" starttime="20251112 10:20:35.736" endtime="20251112 10:20:35.736"/>
</kw>
<status status="PASS" starttime="20251112 10:20:35.735" endtime="20251112 10:20:35.736"/>
</kw>
<kw name="Output Should Contain" library="AppLibrary">
<arg>Username ja is too short</arg>
<status status="PASS" starttime="20251112 10:20:35.736" endtime="20251112 10:20:35.736"/>
</kw>
<status status="PASS" starttime="20251112 10:20:35.734" endtime="20251112 10:20:35.737"/>
</test>
<test id="s1-s2-t4" name="Register With Enough Long But Invalid Username And Valid Password" line="18">
<kw name="Input New Command And Create User" type="SETUP">
<kw name="Input New Command" library="resource">
<kw name="Input" library="AppLibrary">
<arg>new</arg>
<status status="PASS" starttime="20251112 10:20:35.741" endtime="20251112 10:20:35.741"/>
</kw>
<status status="PASS" starttime="20251112 10:20:35.740" endtime="20251112 10:20:35.741"/>
</kw>
<kw name="Create User" library="AppLibrary">
<arg>kalle</arg>
<arg>kalle123</arg>
<status status="PASS" starttime="20251112 10:20:35.744" endtime="20251112 10:20:35.745"/>
</kw>
<status status="PASS" starttime="20251112 10:20:35.740" endtime="20251112 10:20:35.745"/>
</kw>
<kw name="Input Credentials" library="resource">
<arg>jani8</arg>
<arg>janikuusi3</arg>
<kw name="Input" library="AppLibrary">
<arg>${username}</arg>
<status status="PASS" starttime="20251112 10:20:35.746" endtime="20251112 10:20:35.748"/>
</kw>
<kw name="Input" library="AppLibrary">
<arg>${password}</arg>
<status status="PASS" starttime="20251112 10:20:35.748" endtime="20251112 10:20:35.748"/>
</kw>
<kw name="Run Application" library="AppLibrary">
<status status="PASS" starttime="20251112 10:20:35.749" endtime="20251112 10:20:35.749"/>
</kw>
<status status="PASS" starttime="20251112 10:20:35.746" endtime="20251112 10:20:35.749"/>
</kw>
<kw name="Output Should Contain" library="AppLibrary">
<arg>Username jani8 is invalid</arg>
<status status="PASS" starttime="20251112 10:20:35.749" endtime="20251112 10:20:35.750"/>
</kw>
<status status="PASS" starttime="20251112 10:20:35.738" endtime="20251112 10:20:35.750"/>
</test>
<test id="s1-s2-t5" name="Register With Valid Username And Too Short Password" line="22">
<kw name="Input New Command And Create User" type="SETUP">
<kw name="Input New Command" library="resource">
<kw name="Input" library="AppLibrary">
<arg>new</arg>
<status status="PASS" starttime="20251112 10:20:35.753" endtime="20251112 10:20:35.753"/>
</kw>
<status status="PASS" starttime="20251112 10:20:35.752" endtime="20251112 10:20:35.753"/>
</kw>
<kw name="Create User" library="AppLibrary">
<arg>kalle</arg>
<arg>kalle123</arg>
<status status="PASS" starttime="20251112 10:20:35.753" endtime="20251112 10:20:35.753"/>
</kw>
<status status="PASS" starttime="20251112 10:20:35.752" endtime="20251112 10:20:35.753"/>
</kw>
<kw name="Input Credentials" library="resource">
<arg>jimi</arg>
<arg>ab</arg>
<kw name="Input" library="AppLibrary">
<arg>${username}</arg>
<status status="PASS" starttime="20251112 10:20:35.755" endtime="20251112 10:20:35.759"/>
</kw>
<kw name="Input" library="AppLibrary">
<arg>${password}</arg>
<status status="PASS" starttime="20251112 10:20:35.760" endtime="20251112 10:20:35.760"/>
</kw>
<kw name="Run Application" library="AppLibrary">
<status status="PASS" starttime="20251112 10:20:35.760" endtime="20251112 10:20:35.760"/>
</kw>
<status status="PASS" starttime="20251112 10:20:35.754" endtime="20251112 10:20:35.760"/>
</kw>
<kw name="Output Should Contain" library="AppLibrary">
<arg>Password is too short</arg>
<status status="PASS" starttime="20251112 10:20:35.761" endtime="20251112 10:20:35.761"/>
</kw>
<status status="PASS" starttime="20251112 10:20:35.751" endtime="20251112 10:20:35.762"/>
</test>
<test id="s1-s2-t6" name="Register With Valid Username And Long Enough Password Containing Only Letters" line="26">
<kw name="Input New Command And Create User" type="SETUP">
<kw name="Input New Command" library="resource">
<kw name="Input" library="AppLibrary">
<arg>new</arg>
<status status="PASS" starttime="20251112 10:20:35.764" endtime="20251112 10:20:35.764"/>
</kw>
<status status="PASS" starttime="20251112 10:20:35.764" endtime="20251112 10:20:35.764"/>
</kw>
<kw name="Create User" library="AppLibrary">
<arg>kalle</arg>
<arg>kalle123</arg>
<status status="PASS" starttime="20251112 10:20:35.764" endtime="20251112 10:20:35.765"/>
</kw>
<status status="PASS" starttime="20251112 10:20:35.764" endtime="20251112 10:20:35.765"/>
</kw>
<kw name="Input Credentials" library="resource">
<arg>jimi</arg>
<arg>abcdefgh</arg>
<kw name="Input" library="AppLibrary">
<arg>${username}</arg>
<status status="PASS" starttime="20251112 10:20:35.765" endtime="20251112 10:20:35.766"/>
</kw>
<kw name="Input" library="AppLibrary">
<arg>${password}</arg>
<status status="PASS" starttime="20251112 10:20:35.766" endtime="20251112 10:20:35.766"/>
</kw>
<kw name="Run Application" library="AppLibrary">
<status status="PASS" starttime="20251112 10:20:35.766" endtime="20251112 10:20:35.766"/>
</kw>
<status status="PASS" starttime="20251112 10:20:35.765" endtime="20251112 10:20:35.766"/>
</kw>
<kw name="Output Should Contain" library="AppLibrary">
<arg>Password contains only letters</arg>
<status status="PASS" starttime="20251112 10:20:35.767" endtime="20251112 10:20:35.767"/>
</kw>
<status status="PASS" starttime="20251112 10:20:35.763" endtime="20251112 10:20:35.767"/>
</test>
<status status="PASS" starttime="20251112 10:20:35.715" endtime="20251112 10:20:35.768"/>
</suite>
<status status="PASS" starttime="20251112 10:20:35.605" endtime="20251112 10:20:35.770"/>
</suite>
<statistics>
<total>
<stat pass="9" fail="0" skip="0">All Tests</stat>
</total>
<tag>
</tag>
<suite>
<stat pass="9" fail="0" skip="0" id="s1" name="Tests">Tests</stat>
<stat pass="3" fail="0" skip="0" id="s1-s1" name="Login">Tests.Login</stat>
<stat pass="6" fail="0" skip="0" id="s1-s2" name="Register">Tests.Register</stat>
</suite>
</statistics>
<errors>
</errors>
</robot>
